<?xml version="1.0" encoding="UTF-8"?>
<Site BuildName="(empty)"
	BuildStamp="20210909-0503-Experimental"
	Name="(empty)"
	Generator="ctest-3.21.2"
	CompilerName=""
	CompilerVersion=""
	OSName="macOS"
	Hostname="bogon"
	OSRelease="11.5.2"
	OSVersion="20G95"
	OSPlatform="x86_64"
	Is64Bits="1"
	VendorString="GenuineIntel"
	VendorID="Intel Corporation"
	FamilyID="6"
	ModelID="126"
	ProcessorCacheSize="32768"
	NumberOfLogicalCPU="8"
	NumberOfPhysicalCPU="4"
	TotalVirtualMemory="0"
	TotalPhysicalMemory="16384"
	LogicalProcessorsPerPhysical="8"
	ProcessorClockFrequency="2000"
	>
	<Testing>
		<StartDateTime>Sep 09 13:03 CST</StartDateTime>
		<StartTestTime>1631163837</StartTestTime>
		<TestList/>
		<EndDateTime>Sep 09 13:03 CST</EndDateTime>
		<EndTestTime>1631163837</EndTestTime>
		<ElapsedMinutes>0</ElapsedMinutes>
	</Testing>
</Site>
